Choose a Marvel Character. (Ex. Hulk or Thanos): hulk
Multiple Marvel Characters found:
Character Name: Hulk
Description: Caught in a gamma bomb explosion while trying to save the life of a teenager, Dr. Bruce Banner was transformed into the incredibly powerful creature called the Hulk. An all too often misunderstood hero, the angrier the Hulk gets, the stronger the Hulk gets.
Character Name: Hulk (HAS)
Description: The Hulk is the biggest, strongest, smashing-est hero in the Marvel Universe - the green glue that holds his crazy family-like team together. Hulk loves saving the world by smashing every alien, sea creature, and planet (literally) that tries to destroy it. He is the star of his best bud A-Bomb's web series, and just wants to show people his good intentions!
Character Name: Hulk (LEGO Marvel Super Heroes)
No Description
Character Name: Hulk (Marvel Zombies)
No Description
Character Name: Hulk (Marvel: Avengers Alliance)
No Description
Character Name: Hulk (Ultimate)
No Description
Character Name: Hulk-dok
No Description
Character Name: Hulk/Bruce Banner (MAA)
Description: Scientist Bruce Banner was transformed into the Hulk as a result to gamma radiation exposure. Over 8 feet tall and weighing 1,040 pounds, it's Hulk's strength that makes him the strongest hero in the Marvel Universe! Hulk smashes all threats that dare disturb the peace and friendship he has found in the Avengers.
Character Name: Hulkling
No Description
